2026-06-07 22:17:58 | code=200 | Регистрация произошла успешно | userid=1
2026-06-07 22:20:45 | API request | code=400 | Обязательные поля не были заполнены
2026-06-07 22:20:57 | API request | code=400 | Обязательные поля не были заполнены
2026-06-07 22:21:06 | API request | code=200 | Регистрация произошла успешно
2026-06-07 22:21:55 | API request | code=400 | Невалидная дата
2026-06-07 22:22:54 | API request | code=400 | Невалидная дата
2026-06-07 22:23:01 | API request | code=200 | Информация о пользователе обновлена
2026-06-07 22:27:10 | code=200 | Создано новое стихотворение | userid=1 | poemid=1
2026-06-07 22:28:31 | code=200 | Пользователь вышел из системы | userid=1
2026-06-07 22:28:42 | code=200 | Пользователь вошёл в систему | userid=2
2026-06-07 22:28:47 | code=403 | У пользователя нет прав писать стихотворения | userid=2
2026-06-07 22:29:09 | code=200 | Пользователь вышел из системы | userid=2
2026-06-07 22:29:16 | code=200 | Пользователь вошёл в систему | userid=1
2026-06-07 22:29:23 | code=200 | Информация о пользователе обновлена | userid=1
2026-06-07 22:32:02 | code=200 | Создано новое стихотворение | userid=1 | poemid=2
2026-06-07 22:32:09 | code=200 | Создано новое стихотворение | userid=1 | poemid=3
2026-06-07 22:35:43 | code=200 | Информация о стихотворении обновлена | userid=1 | poemid=2
2026-06-07 22:36:10 | code=200 | Пользователь вышел из системы | userid=1
2026-06-07 22:36:38 | code=200 | Пользователь вошёл в систему | userid=2
2026-06-07 22:37:25 | code=200 | Информация о пользователе обновлена | userid=2
2026-06-07 22:39:04 | code=200 | Стихотворение удалено | userid=2 | poemid=2
2026-06-07 22:39:10 | code=200 | Стихотворение удалено | userid=2 | poemid=2
2026-06-07 22:40:52 | code=200 | Стихотворение удалено | userid=2 | poemid=2
2026-06-07 22:40:55 | code=200 | Стихотворение удалено | userid=2 | poemid=3
2026-06-07 22:41:24 | code=200 | Пользователь вышел из системы | userid=2
2026-06-07 22:41:29 | code=200 | Пользователь вошёл в систему | userid=1
2026-06-07 22:43:01 | code=200 | Создано новое стихотворение | userid=1 | poemid=2
2026-06-07 22:43:05 | code=200 | Создано новое стихотворение | userid=1 | poemid=3
2026-06-07 22:43:09 | code=200 | Создано новое стихотворение | userid=1 | poemid=4
2026-06-07 22:43:13 | code=200 | Создано новое стихотворение | userid=1 | poemid=5
2026-06-07 22:43:22 | code=200 | Создано новое стихотворение | userid=1 | poemid=6
2026-06-07 22:43:28 | code=200 | Создано новое стихотворение | userid=1 | poemid=7
2026-06-07 22:43:31 | code=200 | Создано новое стихотворение | userid=1 | poemid=8
2026-06-07 22:43:34 | code=200 | Создано новое стихотворение | userid=1 | poemid=9
2026-06-07 22:43:50 | code=200 | Создано новое стихотворение | userid=1 | poemid=10
2026-06-07 22:43:54 | code=200 | Создано новое стихотворение | userid=1 | poemid=11
2026-06-07 22:43:58 | code=200 | Создано новое стихотворение | userid=1 | poemid=12
2026-06-07 22:44:04 | code=200 | Создано новое стихотворение | userid=1 | poemid=13
2026-06-07 22:44:15 | code=200 | Создано новое стихотворение | userid=1 | poemid=14
2026-06-07 22:44:19 | code=200 | Создано новое стихотворение | userid=1 | poemid=15
2026-06-07 22:44:28 | code=200 | Пользователь вышел из системы | userid=1
2026-06-07 22:44:42 | code=200 | Регистрация произошла успешно | userid=3
2026-06-07 22:46:52 | code=200 | Пользователь вышел из системы | userid=3
2026-06-07 22:48:09 | API request | code=200 | Список пользователей
2026-06-07 22:48:58 | API request | code=200 | Пользователь найден
2026-06-07 22:50:25 | API request | code=400 | Обязательные поля не были заполнены
2026-06-07 22:50:33 | API request | code=200 | Список стихотворений
2026-06-07 23:07:48 | API request | code=200 | Стихотворение удалено | userid=1 poemid=1
2026-06-07 23:07:48 | API request | code=200 | Стихотворение удалено | userid=1 poemid=2
2026-06-07 23:07:48 | API request | code=200 | Стихотворение удалено | userid=1 poemid=3
2026-06-07 23:07:48 | API request | code=200 | Стихотворение удалено | userid=1 poemid=4
2026-06-07 23:07:48 | API request | code=200 | Стихотворение удалено | userid=1 poemid=5
2026-06-07 23:07:48 | API request | code=200 | Стихотворение удалено | userid=1 poemid=6
2026-06-07 23:07:48 | API request | code=200 | Стихотворение удалено | userid=1 poemid=7
2026-06-07 23:07:48 | API request | code=200 | Стихотворение удалено | userid=1 poemid=8
2026-06-07 23:07:48 | API request | code=200 | Стихотворение удалено | userid=1 poemid=9
2026-06-07 23:07:48 | API request | code=200 | Стихотворение удалено | userid=1 poemid=10
2026-06-07 23:07:48 | API request | code=200 | Стихотворение удалено | userid=1 poemid=11
2026-06-07 23:07:48 | API request | code=200 | Стихотворение удалено | userid=1 poemid=12
2026-06-07 23:07:48 | API request | code=200 | Стихотворение удалено | userid=1 poemid=13
2026-06-07 23:07:48 | API request | code=200 | Стихотворение удалено | userid=1 poemid=14
2026-06-07 23:07:48 | API request | code=200 | Стихотворение удалено | userid=1 poemid=15
2026-06-07 23:07:48 | API request | code=200 | Пользователь и все его стихи удалены
2026-06-07 23:08:20 | API request | code=404 | Нет стихотворений
